<?xml version="1.0" encoding="UTF-8"?>
<!-- Generated by org.testng.reporters.JUnitReportReporter -->
<testsuite skipped="0" hostname="Sathian-PC" name="demogit.Gitsample1" tests="1" failures="0" timestamp="22 May 2018 06:31:39 GMT" time="13.906" errors="0">
  <testcase name="Openapp" time="13.906" classname="demogit.Gitsample1"/>
</testsuite> <!-- demogit.Gitsample1 -->
